        -:    0:Source:gcov1.c
        -:    0:Graph:gcov1.gcno
        -:    0:Data:gcov1.gcda
        -:    0:Runs:2
        -:    0:Programs:1
        -:    1:#include <stdio.h>
        -:    2:
        -:    3:int
        2:    4:main (void)
        -:    5:{
        -:    6:  int i;
        -:    7:
       20:    8:  for (i = 1; i < 10; i++)
        -:    9:    {
       18:   10:      if (i % 3 == 0)
        6:   11:        printf ("%d is divisible by 3\n", i);
       18:   12:      if (i % 11 == 0)
    #####:   13:        printf ("%d is divisible by 11\n", i);
        -:   14:    }
        -:   15:
        2:   16:  return 0;
        -:   17:}
